\BOOKMARK [1][-]{section.1}{1. Groups}{}% 1
\BOOKMARK [2][-]{subsection.1.1}{1.1. Group Actions and Orbit-Stablizer Theorem}{section.1}% 2
\BOOKMARK [2][-]{subsection.1.2}{1.2. Centralizers and Normalizers}{section.1}% 3
\BOOKMARK [2][-]{subsection.1.3}{1.3. The Symmetric Group}{section.1}% 4
\BOOKMARK [2][-]{subsection.1.4}{1.4. Dihedral Group}{section.1}% 5
\BOOKMARK [1][-]{section.2}{2. Cosets}{}% 6
\BOOKMARK [2][-]{subsection.2.1}{2.1. Normal Subgroups}{section.2}% 7
\BOOKMARK [1][-]{section.3}{3. Conjugacy Classes}{}% 8
\BOOKMARK [1][-]{section.4}{4. Sylow Theorems}{}% 9
\BOOKMARK [2][-]{subsection.4.1}{4.1. Counting to Force Normalization of a Sylow p-subroup}{section.4}% 10
\BOOKMARK [1][-]{section.5}{5. Semidirect Products}{}% 11
\BOOKMARK [2][-]{subsection.5.1}{5.1. Inner Direct Product}{section.5}% 12
\BOOKMARK [1][-]{section.6}{6. Rings}{}% 13
\BOOKMARK [2][-]{subsection.6.1}{6.1. Euclidean Domains}{section.6}% 14
\BOOKMARK [2][-]{subsection.6.2}{6.2. UFD}{section.6}% 15
\BOOKMARK [2][-]{subsection.6.3}{6.3. Polynomial Rings}{section.6}% 16
\BOOKMARK [2][-]{subsection.6.4}{6.4. Irreducibility of Polynomials}{section.6}% 17
\BOOKMARK [1][-]{section.7}{7. Assortment of Exercises since last Midterm}{}% 18
\BOOKMARK [2][-]{subsection.7.1}{7.1. 8.1: Euclidean Domains}{section.7}% 19
\BOOKMARK [2][-]{subsection.7.2}{7.2. 8.2 PID}{section.7}% 20
\BOOKMARK [2][-]{subsection.7.3}{7.3. Polynomial Rings that are UFDS}{section.7}% 21
\BOOKMARK [2][-]{subsection.7.4}{7.4. 9.4: Irreducibility Criteria}{section.7}% 22
\BOOKMARK [1][-]{section.8}{8. First Midterm:}{}% 23
\BOOKMARK [1][-]{section.9}{9. Ring Theory Exercises and Notes done long ago }{}% 24
